; Top Design: "Q21_lib:cell_1:schematic"
; Netlisted using Hierarchy Policy: "Standard"

Options ResourceUsage=yes UseNutmegFormat=no EnableOptim=no TopDesignName="Q21_lib:cell_1:schematic" DcopOutputNodeVoltages=yes DcopOutputPinCurrents=yes DcopOutputAllSweepPoints=no DcopOutputDcopType=0
TLIN:TL1  N__2 N__8 Z=300 Ohm E=32.7*2*pi/(3e8/100e6) F=100 MHz 
aele Zin1=zin(S11,PortZ1);
Port:TermG1  N__2 0 Num=1 Z=300 Ohm Noise=yes 
S_Param:SP1 CalcS=yes CalcY=no CalcZ=no GroupDelayAperture=1e-4 FreqConversion=no FreqConversionPort=1 StatusLevel=2 CalcNoise=no SortNoise=0 BandwidthForNoise=1.0 Hz DevOpPtLevel=0 SPSS_WSP=yes \
SweepVar="freq" SweepPlan="SP1_stim" OutputPlan="SP1_Output" 

SweepPlan: SP1_stim Start=50 MHz Stop=110 MHz Step=100 kHz 

OutputPlan:SP1_Output \
      Type="Output" \
      UseEquationNestLevel=yes \
      EquationNestLevel=2 \
      UseSavedEquationNestLevel=yes \
      SavedEquationNestLevel=2

#load "python","LinearCollapse"
Component Module="LinearCollapse" Type="ModelExtractor" NetworkRepresentation=2
#uselib "ckt" , "TLSC"
TLSC:TL2  N__8 0 Z=300.0 Ohm E=.75*2*pi/(3e8/100e6) F=100 MHz 
Port:TermG2  N__8 0 Num=2 Z=300+j*150 Noise=yes 
